mode: set
D:\Coding\MSIB\Alterra\go_arief-rahman\20_Unit-Testing\praktikum\rest-api-testing\controller\book\book_controller.go:13.50,16.55 2 1
D:\Coding\MSIB\Alterra\go_arief-rahman\20_Unit-Testing\praktikum\rest-api-testing\controller\book\book_controller.go:20.2,20.21 1 1
D:\Coding\MSIB\Alterra\go_arief-rahman\20_Unit-Testing\praktikum\rest-api-testing\controller\book\book_controller.go:26.2,29.4 1 1
D:\Coding\MSIB\Alterra\go_arief-rahman\20_Unit-Testing\praktikum\rest-api-testing\controller\book\book_controller.go:16.55,18.3 1 0
D:\Coding\MSIB\Alterra\go_arief-rahman\20_Unit-Testing\praktikum\rest-api-testing\controller\book\book_controller.go:20.21,24.3 1 0
D:\Coding\MSIB\Alterra\go_arief-rahman\20_Unit-Testing\praktikum\rest-api-testing\controller\book\book_controller.go:33.46,37.59 3 1
D:\Coding\MSIB\Alterra\go_arief-rahman\20_Unit-Testing\praktikum\rest-api-testing\controller\book\book_controller.go:41.2,44.4 1 1
D:\Coding\MSIB\Alterra\go_arief-rahman\20_Unit-Testing\praktikum\rest-api-testing\controller\book\book_controller.go:37.59,39.3 1 1
D:\Coding\MSIB\Alterra\go_arief-rahman\20_Unit-Testing\praktikum\rest-api-testing\controller\book\book_controller.go:48.49,52.54 3 1
D:\Coding\MSIB\Alterra\go_arief-rahman\20_Unit-Testing\praktikum\rest-api-testing\controller\book\book_controller.go:56.2,59.4 1 1
D:\Coding\MSIB\Alterra\go_arief-rahman\20_Unit-Testing\praktikum\rest-api-testing\controller\book\book_controller.go:52.54,54.3 1 0
D:\Coding\MSIB\Alterra\go_arief-rahman\20_Unit-Testing\praktikum\rest-api-testing\controller\book\book_controller.go:63.49,67.59 3 1
D:\Coding\MSIB\Alterra\go_arief-rahman\20_Unit-Testing\praktikum\rest-api-testing\controller\book\book_controller.go:71.2,71.60 1 1
D:\Coding\MSIB\Alterra\go_arief-rahman\20_Unit-Testing\praktikum\rest-api-testing\controller\book\book_controller.go:75.2,77.4 1 1
D:\Coding\MSIB\Alterra\go_arief-rahman\20_Unit-Testing\praktikum\rest-api-testing\controller\book\book_controller.go:67.59,69.3 1 1
D:\Coding\MSIB\Alterra\go_arief-rahman\20_Unit-Testing\praktikum\rest-api-testing\controller\book\book_controller.go:71.60,73.3 1 0
D:\Coding\MSIB\Alterra\go_arief-rahman\20_Unit-Testing\praktikum\rest-api-testing\controller\book\book_controller.go:81.49,87.59 5 1
D:\Coding\MSIB\Alterra\go_arief-rahman\20_Unit-Testing\praktikum\rest-api-testing\controller\book\book_controller.go:91.2,93.21 1 1
D:\Coding\MSIB\Alterra\go_arief-rahman\20_Unit-Testing\praktikum\rest-api-testing\controller\book\book_controller.go:97.2,99.4 1 1
D:\Coding\MSIB\Alterra\go_arief-rahman\20_Unit-Testing\praktikum\rest-api-testing\controller\book\book_controller.go:87.59,89.3 1 1
D:\Coding\MSIB\Alterra\go_arief-rahman\20_Unit-Testing\praktikum\rest-api-testing\controller\book\book_controller.go:93.21,95.3 1 0
