mode: set
D:\Coding\MSIB\Alterra\go_arief-rahman\20_Unit-Testing\praktikum\rest-api-testing\controller\user\user_controller.go:14.50,17.55 2 1
D:\Coding\MSIB\Alterra\go_arief-rahman\20_Unit-Testing\praktikum\rest-api-testing\controller\user\user_controller.go:21.2,24.4 1 1
D:\Coding\MSIB\Alterra\go_arief-rahman\20_Unit-Testing\praktikum\rest-api-testing\controller\user\user_controller.go:17.55,19.3 1 0
D:\Coding\MSIB\Alterra\go_arief-rahman\20_Unit-Testing\praktikum\rest-api-testing\controller\user\user_controller.go:28.46,33.59 3 1
D:\Coding\MSIB\Alterra\go_arief-rahman\20_Unit-Testing\praktikum\rest-api-testing\controller\user\user_controller.go:37.2,40.4 1 1
D:\Coding\MSIB\Alterra\go_arief-rahman\20_Unit-Testing\praktikum\rest-api-testing\controller\user\user_controller.go:33.59,35.3 1 1
D:\Coding\MSIB\Alterra\go_arief-rahman\20_Unit-Testing\praktikum\rest-api-testing\controller\user\user_controller.go:44.49,48.54 3 1
D:\Coding\MSIB\Alterra\go_arief-rahman\20_Unit-Testing\praktikum\rest-api-testing\controller\user\user_controller.go:52.2,55.4 1 1
D:\Coding\MSIB\Alterra\go_arief-rahman\20_Unit-Testing\praktikum\rest-api-testing\controller\user\user_controller.go:48.54,50.3 1 0
D:\Coding\MSIB\Alterra\go_arief-rahman\20_Unit-Testing\praktikum\rest-api-testing\controller\user\user_controller.go:59.49,64.59 3 1
D:\Coding\MSIB\Alterra\go_arief-rahman\20_Unit-Testing\praktikum\rest-api-testing\controller\user\user_controller.go:68.2,68.60 1 1
D:\Coding\MSIB\Alterra\go_arief-rahman\20_Unit-Testing\praktikum\rest-api-testing\controller\user\user_controller.go:72.2,74.4 1 1
D:\Coding\MSIB\Alterra\go_arief-rahman\20_Unit-Testing\praktikum\rest-api-testing\controller\user\user_controller.go:64.59,66.3 1 1
D:\Coding\MSIB\Alterra\go_arief-rahman\20_Unit-Testing\praktikum\rest-api-testing\controller\user\user_controller.go:68.60,70.3 1 0
D:\Coding\MSIB\Alterra\go_arief-rahman\20_Unit-Testing\praktikum\rest-api-testing\controller\user\user_controller.go:78.49,85.60 5 1
D:\Coding\MSIB\Alterra\go_arief-rahman\20_Unit-Testing\praktikum\rest-api-testing\controller\user\user_controller.go:89.2,89.158 1 1
D:\Coding\MSIB\Alterra\go_arief-rahman\20_Unit-Testing\praktikum\rest-api-testing\controller\user\user_controller.go:93.2,95.4 1 1
D:\Coding\MSIB\Alterra\go_arief-rahman\20_Unit-Testing\praktikum\rest-api-testing\controller\user\user_controller.go:85.60,87.3 1 1
D:\Coding\MSIB\Alterra\go_arief-rahman\20_Unit-Testing\praktikum\rest-api-testing\controller\user\user_controller.go:89.158,91.3 1 0
D:\Coding\MSIB\Alterra\go_arief-rahman\20_Unit-Testing\praktikum\rest-api-testing\controller\user\user_controller.go:98.48,102.118 3 1
D:\Coding\MSIB\Alterra\go_arief-rahman\20_Unit-Testing\praktikum\rest-api-testing\controller\user\user_controller.go:106.2,108.16 2 1
D:\Coding\MSIB\Alterra\go_arief-rahman\20_Unit-Testing\praktikum\rest-api-testing\controller\user\user_controller.go:112.2,117.4 2 1
D:\Coding\MSIB\Alterra\go_arief-rahman\20_Unit-Testing\praktikum\rest-api-testing\controller\user\user_controller.go:102.118,104.3 1 0
D:\Coding\MSIB\Alterra\go_arief-rahman\20_Unit-Testing\praktikum\rest-api-testing\controller\user\user_controller.go:108.16,110.3 1 0
